<?xml version="1.0" encoding="UTF-8"?>
<!-- Generated by org.testng.reporters.JUnitXMLReporter -->
<testsuite ignored="2" hostname="DESKTOP-D66UN4K" failures="0" tests="2" name="Group Test" time="0.06" errors="0" timestamp="2025-09-17T22:28:46 IST">
  <testcase classname="learn_testng_groups.HomeLoanApplications" name="mobileHomeLoanLogin" time="0.011"/>
  <testcase classname="learn_testng_groups.PersonalLoanApplications" name="mobilePersonalLoanLogin" time="0.002"/>
  <testcase classname="learn_testng_groups.HomeLoanApplications" name="netBankingHomeLoanLogin" time="0.0">
    <ignored/>
  </testcase> <!-- netBankingHomeLoanLogin -->
  <testcase classname="learn_testng_groups.PersonalLoanApplications" name="netBankingPersonalLoanLogin" time="0.0">
    <ignored/>
  </testcase> <!-- netBankingPersonalLoanLogin -->
</testsuite> <!-- Group Test -->
