<?xml version="1.0" encoding="UTF-8"?>
<!-- Generated by org.testng.reporters.JUnitXMLReporter -->
<testsuite ignored="0" hostname="DESKTOP-D66UN4K" failures="0" tests="2" name="Just implmeneted the @Test annotation" time="0.013" errors="0" timestamp="2025-09-17T21:30:10 IST">
  <testcase classname="learn_testng.annotations.OnlyTest" name="test3" time="0.002"/>
  <testcase classname="learn_testng.annotations.OnlyTest" name="test4" time="0.003"/>
</testsuite> <!-- Just implmeneted the @Test annotation -->
