<?xml version="1.0" encoding="UTF-8"?>
<!-- Generated by org.testng.reporters.JUnitXMLReporter -->
<testsuite ignored="0" hostname="DESKTOP-D66UN4K" failures="0" tests="2" name="Learn Testng @BeforeClass,afterClass" time="0.097" errors="0" timestamp="2025-09-17T20:57:43 IST">
  <testcase classname="learn_testng.classlevel.ClasslevelAnnotation" name="test1" time="0.01"/>
  <testcase classname="learn_testng.classlevel.ClasslevelAnnotation" name="test2" time="0.002"/>
</testsuite> <!-- Learn Testng @BeforeClass,afterClass -->
