<?xml version="1.0" encoding="UTF-8"?>
<!-- Generated by org.testng.reporters.JUnitXMLReporter -->
<testsuite ignored="0" hostname="DESKTOP-D66UN4K" failures="0" tests="4" name="Learn Testng advance " time="0.076" errors="0" timestamp="2025-09-17T22:04:06 IST">
  <testcase classname="learn_testng.annotations.advance.ClasslevelAnnotationAdvance" name="test1" time="0.008"/>
  <testcase classname="learn_testng.annotations.advance.ClasslevelAnnotationAdvance" name="test2" time="0.002"/>
  <testcase classname="learn_testng.annotations.advance.OnlyTestAdvance" name="test3" time="0.001"/>
  <testcase classname="learn_testng.annotations.advance.OnlyTestAdvance" name="test4" time="0.001"/>
</testsuite> <!-- Learn Testng advance  -->
