<?xml version="1.0" encoding="UTF-8"?>
<!-- Generated by org.testng.reporters.JUnitXMLReporter -->
<testsuite ignored="0" hostname="DESKTOP-D66UN4K" failures="0" tests="2" name="Learn Testng advance1 " time="0.008" errors="0" timestamp="2025-09-17T21:48:37 IST">
  <testcase classname="learn_testng.annotations.advance.OnlyTestAdvance" name="test3" time="0.002"/>
  <testcase classname="learn_testng.annotations.advance.OnlyTestAdvance" name="test4" time="0.001"/>
</testsuite> <!-- Learn Testng advance1  -->
