<?xml version="1.0" encoding="UTF-8"?>
<testng-results ignored="2" total="4" passed="2" failed="0" skipped="0">
  <reporter-output>
  </reporter-output>
  <suite started-at="2025-09-17T22:28:46 IST" name="Learn groups" finished-at="2025-09-17T22:28:46 IST" duration-ms="60">
    <groups>
      <group name="HomeLoan">
        <method signature="HomeLoanApplications.mobileHomeLoanLogin()[pri:0, instance:learn_testng_groups.HomeLoanApplications@245b4bdc]" name="mobileHomeLoanLogin" class="learn_testng_groups.HomeLoanApplications"/>
      </group> <!-- HomeLoan -->
      <group name="mobile">
        <method signature="HomeLoanApplications.mobileHomeLoanLogin()[pri:0, instance:learn_testng_groups.HomeLoanApplications@245b4bdc]" name="mobileHomeLoanLogin" class="learn_testng_groups.HomeLoanApplications"/>
        <method signature="PersonalLoanApplications.mobilePersonalLoanLogin()[pri:0, instance:learn_testng_groups.PersonalLoanApplications@72d1ad2e]" name="mobilePersonalLoanLogin" class="learn_testng_groups.PersonalLoanApplications"/>
      </group> <!-- mobile -->
      <group name="PersonalLoan">
        <method signature="PersonalLoanApplications.mobilePersonalLoanLogin()[pri:0, instance:learn_testng_groups.PersonalLoanApplications@72d1ad2e]" name="mobilePersonalLoanLogin" class="learn_testng_groups.PersonalLoanApplications"/>
      </group> <!-- PersonalLoan -->
    </groups>
    <test started-at="2025-09-17T22:28:46 IST" name="Group Test" finished-at="2025-09-17T22:28:46 IST" duration-ms="60">
      <class name="learn_testng_groups.PersonalLoanApplications">
        <test-method signature="mobilePersonalLoanLogin()[pri:0, instance:learn_testng_groups.PersonalLoanApplications@72d1ad2e]" started-at="2025-09-17T22:28:46 IST" name="mobilePersonalLoanLogin" finished-at="2025-09-17T22:28:46 IST" duration-ms="2" status="PASS">
          <reporter-output>
          </reporter-output>
        </test-method> <!-- mobilePersonalLoanLogin -->
      </class> <!-- learn_testng_groups.PersonalLoanApplications -->
      <class name="learn_testng_groups.HomeLoanApplications">
        <test-method signature="mobileHomeLoanLogin()[pri:0, instance:learn_testng_groups.HomeLoanApplications@245b4bdc]" started-at="2025-09-17T22:28:46 IST" name="mobileHomeLoanLogin" finished-at="2025-09-17T22:28:46 IST" duration-ms="11" status="PASS">
          <reporter-output>
          </reporter-output>
        </test-method> <!-- mobileHomeLoanLogin -->
      </class> <!-- learn_testng_groups.HomeLoanApplications -->
    </test> <!-- Group Test -->
  </suite> <!-- Learn groups -->
</testng-results>
