<?xml version="1.0" encoding="UTF-8"?>
<!-- Generated by org.testng.reporters.JUnitReportReporter -->
<testsuite hostname="DESKTOP-D66UN4K" failures="0" tests="2" name="learn_testng.classlevel.OnlyTest" time="0.005" errors="0" timestamp="2025-09-17T21:16:29 IST" skipped="0">
  <testcase classname="learn_testng.classlevel.OnlyTest" name="test4" time="0.002"/>
  <testcase classname="learn_testng.classlevel.OnlyTest" name="test3" time="0.003"/>
</testsuite> <!-- learn_testng.classlevel.OnlyTest -->
