<?xml version="1.0" encoding="UTF-8"?>
<!-- Generated by org.testng.reporters.JUnitReportReporter -->
<testsuite hostname="DESKTOP-D66UN4K" failures="0" tests="2" name="learn_testng.annotations.ClasslevelAnnotation" time="0.010" errors="0" timestamp="2025-09-17T21:43:57 IST" skipped="0">
  <testcase classname="learn_testng.annotations.ClasslevelAnnotation" name="test1" time="0.007"/>
  <testcase classname="learn_testng.annotations.ClasslevelAnnotation" name="test2" time="0.003"/>
</testsuite> <!-- learn_testng.annotations.ClasslevelAnnotation -->
