<?xml version="1.0" encoding="UTF-8"?>
<!-- Generated by org.testng.reporters.JUnitReportReporter -->
<testsuite hostname="DESKTOP-D66UN4K" failures="0" tests="2" name="learn_testng.annotations.advance.ClasslevelAnnotationAdvance" time="0.014" errors="0" timestamp="2025-09-17T22:04:06 IST" skipped="0">
  <testcase classname="learn_testng.annotations.advance.ClasslevelAnnotationAdvance" name="test2" time="0.004"/>
  <testcase classname="learn_testng.annotations.advance.ClasslevelAnnotationAdvance" name="test1" time="0.010"/>
</testsuite> <!-- learn_testng.annotations.advance.ClasslevelAnnotationAdvance -->
