<?xml version="1.0" encoding="UTF-8"?>
<!-- Generated by org.testng.reporters.JUnitReportReporter -->
<testsuite hostname="DESKTOP-D66UN4K" failures="0" tests="2" name="learn_testng.annotations.OnlyTest" time="0.002" errors="0" timestamp="2025-09-17T21:43:57 IST" skipped="0">
  <testcase classname="learn_testng.annotations.OnlyTest" name="test4" time="0.001"/>
  <testcase classname="learn_testng.annotations.OnlyTest" name="test3" time="0.001"/>
</testsuite> <!-- learn_testng.annotations.OnlyTest -->
