<?xml version="1.0" encoding="UTF-8"?>
<!-- Generated by org.testng.reporters.JUnitReportReporter -->
<testsuite hostname="DESKTOP-D66UN4K" failures="0" tests="2" name="learn_testng.classlevel.ClasslevelAnnotation" time="0.013" errors="0" timestamp="2025-09-17T21:26:58 IST" skipped="0">
  <testcase classname="learn_testng.classlevel.ClasslevelAnnotation" name="test1" time="0.009"/>
  <testcase classname="learn_testng.classlevel.ClasslevelAnnotation" name="test2" time="0.004"/>
</testsuite> <!-- learn_testng.classlevel.ClasslevelAnnotation -->
